This is pdfTeX, Version 3.141592653-2.6-1.40.26 (TeX Live 2024) (preloaded format=pdflatex 2025.1.23)  23 JAN 2025 22:16
entering extended mode
 \write18 enabled.
 %&-line parsing enabled.
**/Users/harrisonwolfe/Documents/GitHub/week-1-coding-assignment-HarrisonWolfe/HW1-concordance.tex
(/Users/harrisonwolfe/Documents/GitHub/week-1-coding-assignment-HarrisonWolfe/HW1-concordance.tex
LaTeX2e <2024-11-01> patch level 1
L3 programming layer <2024-12-25>
! Undefined control sequence.
l.1 \Sconcordance
                 {concordance:HW1.tex:HW1.Rnw:% 
Here is how much of TeX's memory you used:
 15 strings out of 475178
 605 string characters out of 5764679
 386674 words of memory out of 5000000
 23105 multiletter control sequences out of 15000+600000
 558837 words of font info for 36 fonts, out of 8000000 for 9000
 14 hyphenation exceptions out of 8191
 12i,0n,13p,171b,8s stack positions out of 10000i,1000n,20000p,200000b,200000s

!  ==> Fatal error occurred, no output PDF file produced!
